21:46:05 [INFO] Log file: /home/ayush-ranjan/Documents/dreams-research/data/processed/logs/pipeline_2026-02-27_214605.log
21:46:05 [INFO] ━━━ [import] Ingest CSV or D1 data into SQLite ━━━
21:46:05 [INFO] Imported 27 records (1 users) from dataset.csv
21:46:05 [INFO] ━━━ [emotions] Extract valence/arousal + discrete emotion scores ━━━
21:46:10 [INFO] Loaded 27 records, extracting emotions...
21:46:10 [INFO] Using device: cpu
21:46:15 [INFO] Extracted emotions for 27 / 27 records
21:46:15 [INFO] ━━━ [temporal] Compute cyclical time features ━━━
21:46:15 [INFO] Computing temporal features for 27 records...
21:46:15 [INFO] Computed temporal features for 27 records
21:46:15 [INFO] ━━━ [location_embeddings] Geocode + CLIP multi-modal location embeddings ━━━
21:46:16 [INFO] Loaded 27 records. Reverse geocoding...
21:47:13 [INFO] Loading CLIP model and computing 27 multi-modal embeddings...
21:47:19 [INFO] Upserting to ChromaDB...
21:47:19 [INFO] Saving text representations to SQLite...
21:47:19 [INFO] Location embeddings: 27 records processed
21:47:19 [INFO] ━━━ [caption_embeddings] Sentence-BERT caption embeddings ━━━
21:47:24 [INFO] Encoding 27 captions with Sentence-BERT...
21:47:25 [INFO] Caption embeddings: 27 records processed
21:47:25 [INFO] ━━━ [image_embeddings] CLIP image embeddings ━━━
21:47:25 [INFO] Loading CLIP model (ViT-B/32) on cpu...
21:47:30 [INFO] Encoding 27 images...
21:47:30 [INFO] Image embeddings: 27 records processed
21:47:30 [INFO] ━━━ [verify] Verify table/vector alignment ━━━
21:47:30 [INFO] Memories: 27 rows | Master Manifest: 27 rows
21:47:30 [INFO]   emotion_scores: 27 rows
21:47:30 [INFO]   temporal_features: 27 rows
21:47:30 [INFO]   image_embeddings: 27 vectors
21:47:30 [INFO]   caption_embeddings: 27 vectors
21:47:30 [INFO]   location_descriptions: 27 vectors
21:47:36 [INFO]   Embedding consistency check: cosine similarity = 1.0000
21:47:36 [INFO] Verification complete
21:47:36 [INFO] ━━━ [manifest] Report master manifest statistics ━━━
21:47:36 [INFO]   memories: 27 rows
21:47:36 [INFO]   emotion_scores: 27 rows
21:47:36 [INFO]   temporal_features: 27 rows
21:47:36 [INFO]   location_descriptions: 27 rows
21:47:36 [INFO]   master_manifest: 27 rows
21:47:36 [INFO]   image_embeddings: 27 vectors
21:47:36 [INFO]   caption_embeddings: 27 vectors
21:47:36 [INFO]   location_descriptions: 27 vectors
21:47:36 [INFO]   Sample row: 26 / 26 columns populated
21:47:36 [INFO] Manifest report complete
21:47:36 [INFO] Pipeline completed successfully.
